Arguments: 
  C:\Program Files\nodejs\node.exe C:\Users\Ghost\.yarn\releases\yarn-1.22.4.js add cheerio

PATH: 
  C:\Python39\Scripts\;C:\Python39\;C:\Python38\Scripts\;C:\Python38\;C:\Program Files (x86)\Common Files\Intel\Shared Libraries\redist\intel64_win\compiler;C:\Windows\system32\inetsrv;C:\Windows\system32;C:\Windows;C:\Windows\System32\Wbem;C:\Windows\System32\WindowsPowerShell\v1.0\;C:\Program Files\Git\cmd;C:\Users\Ghost\AppData\Local\Programs\Python\Python37;C:\Users\Ghost\AppData\Local\Microsoft\WindowsApps;C:\WINDOWS\system32;C:\WINDOWS;C:\WINDOWS\System32\Wbem;C:\WINDOWS\System32\WindowsPowerShell\v1.0\;C:\WINDOWS\System32\OpenSSH\;C:\Program Files\MongoDB\Server\4.0\bin;C:\Program Files\Java\jre1.8.0_221;C:\Program Files\PowerShell\6\;C:\Program Files\Java\jre1.8.0_221\bin;C:\Program Files (x86)\Intel\Intel(R) Management Engine Components\DAL;C:\Program Files\Intel\Intel(R) Management Engine Components\DAL;C:\ProgramData\chocolatey\bin;C:\Program Files\dotnet\;C:\Program Files\PuTTY\;C:\Program Files\nodejs\;C:\xampp\php;C:\ProgramData\ComposerSetup\bin;C:\Program Files (x86)\Common Files\Intel\Shared Libraries\redist\intel64_win\compiler;C:\Program Files (x86)\iis express\PHP\v5.6;C:\Windows\system32\inetsrv;C:\Windows\system32;C:\Windows;C:\Windows\System32\Wbem;C:\Windows\System32\WindowsPowerShell\v1.0\;C:\Program Files (x86)\Microsoft SQL Server\100\Tools\Binn\;C:\Program Files\Microsoft SQL Server\100\Tools\Binn\;C:\Program Files\Microsoft SQL Server\100\DTS\Binn\;C:\Program Files\Git\cmd;C:\Users\Ghost\AppData\Local\Programs\Python\Python37;C:\Program Files\Microsoft\Web Platform Installer\;C:\Users\Ghost\AppData\Local\Microsoft\WindowsApps;C:\Program Files\nodejs\;C:\WINDOWS\system32;C:\WINDOWS;C:\WINDOWS\System32\Wbem;C:\WINDOWS\System32\WindowsPowerShell\v1.0\;C:\WINDOWS\System32\OpenSSH\;C:\Program Files\MongoDB\Server\4.0\bin;C:\Program Files\Java\jre1.8.0_221;C:\Program Files\PowerShell\6\;C:\Program Files\Java\jre1.8.0_221\bin;C:\Program Files (x86)\Intel\Intel(R) Management Engine Components\DAL;C:\Program Files\Intel\Intel(R) Management Engin;C:\Users\Ghost\AppData\Local\Programs\Microsoft VS Code\bin;C:\flutter\bin;C:\Program Files\Java\jdk-13\bin;C:\Android\platform-tools;C:\Users\Ghost\.dotnet\tools;C:\Users\Ghost\AppData\Roaming\npm;C:\Program Files\OpenSSL-Win64\bin\;C:\xampp\php\;C:\Users\Ghost\AppData\Roaming\Composer\vendor\bin

Yarn version: 
  1.22.4

Node version: 
  14.16.1

Platform: 
  win32 x64

Trace: 
  SyntaxError: E:\Project\Insta-Media-Downloader\package.json: Unexpected token } in JSON at position 661
      at JSON.parse (<anonymous>)
      at C:\Users\Ghost\.yarn\releases\yarn-1.22.4.js:1098:57
      at Generator.next (<anonymous>)
      at step (C:\Users\Ghost\.yarn\releases\yarn-1.22.4.js:310:30)
      at C:\Users\Ghost\.yarn\releases\yarn-1.22.4.js:321:13

npm manifest: 
  {
    "name": "Insta-Media-Downloader",
    "version": "1.0.0",
    "description": "You can download public Video and Image from Instagram.",
    "main": "server.js",
    "engines": {
      "node": "14.6.0"
    },
    "scripts": {
      "build": "npm install && cd client && npm install && npm run build",
      "install-client": "cd client && npm install",
      "heroku-postbuild": "npm run install-client && npm run build",
      "start": "node server.js",
      "client": "cd client && npm start"
    },
    "author": "Apoorve Verma",
    "license": "ISC",
    "dependencies": {
      "body-parser": "^1.19.0",
      "express": "^4.17.1",
      "axios": "^0.19.2",
      "cheerio": "^1.0.0-rc.2",
    }
  }

yarn manifest: 
  No manifest

Lockfile: 
  No lockfile
